XrSamples/XrHandsFB/Projects/Android/build/intermediates/manifest_merge_blame_file/debug/manifest-merger-blame-debug-report.txt
1<?xml version="1.0" encoding="utf-8"?>
2<manifest xmlns:android="http://schemas.android.com/apk/res/android"
3    package="com.oculus.sdk.xrhandsfb"
4    android:installLocation="auto"
5    android:versionCode="1"
6    android:versionName="1.0" >
7
8    <uses-sdk
9        android:minSdkVersion="24"
9-->Projects/Android/AndroidManifest.xml
10        android:targetSdkVersion="25" />
10-->Projects/Android/AndroidManifest.xml
11
12    <uses-permission android:name="android.permission.MODIFY_AUDIO_SETTINGS" />
12-->Projects/Android/AndroidManifest.xml:8:2-77
12-->Projects/Android/AndroidManifest.xml:8:19-74
13    <uses-permission android:name="android.permission.INTERNET" />
13-->Projects/Android/AndroidManifest.xml:9:2-64
13-->Projects/Android/AndroidManifest.xml:9:19-61
14    <!-- Tell the system this app requires OpenGL ES 3.1. -->
15    <uses-feature
15-->Projects/Android/AndroidManifest.xml:11:2-75
16        android:glEsVersion="0x00030001"
16-->Projects/Android/AndroidManifest.xml:11:16-48
17        android:required="true" />
17-->Projects/Android/AndroidManifest.xml:11:49-72
18    <uses-feature
18-->Projects/Android/AndroidManifest.xml:12:2-90
19        android:name="android.hardware.vr.headtracking"
19-->Projects/Android/AndroidManifest.xml:12:16-63
20        android:required="true" />
20-->Projects/Android/AndroidManifest.xml:12:64-87
21
22    <!-- Tell the system this app can handle tracked remotes and hands -->
23    <uses-feature
23-->Projects/Android/AndroidManifest.xml:15:2-87
24        android:name="oculus.software.handtracking"
24-->Projects/Android/AndroidManifest.xml:15:16-59
25        android:required="false" />
25-->Projects/Android/AndroidManifest.xml:15:60-84
26
27    <uses-permission android:name="com.oculus.permission.HAND_TRACKING" />
27-->Projects/Android/AndroidManifest.xml:16:2-72
27-->Projects/Android/AndroidManifest.xml:16:19-69
28
29    <application
29-->Projects/Android/AndroidManifest.xml:18:2-43:16
30        android:allowBackup="false"
30-->Projects/Android/AndroidManifest.xml:18:15-42
31        android:debuggable="true"
32        android:extractNativeLibs="false"
33        android:label="@string/app_name" >
33-->Projects/Android/AndroidManifest.xml:18:43-75
34        <meta-data
34-->Projects/Android/AndroidManifest.xml:20:2-78
35            android:name="com.oculus.supportedDevices"
35-->Projects/Android/AndroidManifest.xml:20:13-55
36            android:value="all" />
36-->Projects/Android/AndroidManifest.xml:20:56-75
37
38        <!-- launchMode is set to singleTask because there should never be multiple copies of the app running -->
39        <!-- Theme.Black.NoTitleBar.Fullscreen gives solid black instead of a (bad stereoscopic) gradient on app transition -->
40        <!-- If targeting API level 24+, configChanges should additionally include 'density'. -->
41        <!-- If targeting API level 24+, android:resizeableActivity="false" should be added. -->
42        <activity
42-->Projects/Android/AndroidManifest.xml:26:3-42:14
43            android:name="com.oculus.sdk.xrhandsfb.MainActivity"
43-->Projects/Android/AndroidManifest.xml:27:5-57
44            android:configChanges="screenSize|screenLayout|orientation|keyboardHidden|keyboard|navigation|uiMode"
44-->Projects/Android/AndroidManifest.xml:31:5-106
45            android:launchMode="singleTask"
45-->Projects/Android/AndroidManifest.xml:29:5-36
46            android:screenOrientation="landscape"
46-->Projects/Android/AndroidManifest.xml:30:5-42
47            android:theme="@android:style/Theme.Black.NoTitleBar.Fullscreen" >
47-->Projects/Android/AndroidManifest.xml:28:5-69
48
49            <!-- Tell NativeActivity the name of the .so -->
50
51            <meta-data
51-->Projects/Android/AndroidManifest.xml:34:7-82
52                android:name="android.app.lib_name"
52-->Projects/Android/AndroidManifest.xml:34:18-53
53                android:value="xrhandsfb" />
53-->Projects/Android/AndroidManifest.xml:34:54-79
54
55            <!-- This filter lets the apk show up as a launchable icon -->
56            <intent-filter>
56-->Projects/Android/AndroidManifest.xml:37:4-41:20
57                <action android:name="android.intent.action.MAIN" />
57-->Projects/Android/AndroidManifest.xml:38:5-57
57-->Projects/Android/AndroidManifest.xml:38:13-54
58
59                <category android:name="com.oculus.intent.category.VR" />
59-->Projects/Android/AndroidManifest.xml:39:5-62
59-->Projects/Android/AndroidManifest.xml:39:15-59
60                <category android:name="android.intent.category.LAUNCHER" />
60-->Projects/Android/AndroidManifest.xml:40:5-65
60-->Projects/Android/AndroidManifest.xml:40:15-62
61            </intent-filter>
62        </activity>
63
64        <meta-data
64-->[com.android.support:appcompat-v7:26.0.0] AndroidManifest.xml:26:9-28:38
65            android:name="android.support.VERSION"
65-->[com.android.support:appcompat-v7:26.0.0] AndroidManifest.xml:27:13-51
66            android:value="26.0.0" />
66-->[com.android.support:appcompat-v7:26.0.0] AndroidManifest.xml:28:13-35
67    </application>
68
69</manifest>